12553,0
12553,1
12553,2
12553,3
12553,4
12553,5
12553,6
12553,7
12553,8
12553,9
12553,10
12553,11
12553,12
12553,13
12553,14
12553,15
12553,16
12553,17
12553,18
12553,19
12553,20
12553,21
12553,22
12553,23
12553,24
12553,25
12553,26
12553,27
12553,28
12553,29
12553,30
12553,31
12553,32
12553,33
12553,34
12553,35
12553,36
12553,37
12553,38
12553,39
12553,40
12553,41
12553,42
12553,43
12553,44
12553,45
12553,46
12553,47
12553,48
12553,49
12553,50
12553,51
12553,52
12553,53
12553,54
12553,55
12553,56
12553,57
12553,58
12553,59
12553,60
12553,61
12553,62
12553,63
12553,64
12553,65
12553,66
12553,67
12553,68
12553,69
12553,70
12553,71
12553,72
12553,73
12553,74
12553,75
12553,76
12553,77
12553,78
12553,79
12553,80
12553,81
12553,82
12553,83
12553,84
12553,85
12553,86
12553,87
12553,88
12553,89
12553,90
12553,91
12553,92
12553,93
12553,94
12553,95
12553,96
12553,97
12553,98
12553,99
12553,100
12553,101
12553,102
12553,103
12553,104
12553,105
12553,106
12553,107
12553,108
12553,109
12553,110
12553,111
12553,112
12553,113
12553,114
12553,115
12553,116
12553,117
12553,118
12553,119
12553,120
12553,121
12553,122
12553,123
12553,124
12553,125
12553,126
12553,127
12553,128
12553,129
12553,130
12553,131
12553,132
12553,133
12553,134
12553,135
12553,136
12553,137
12553,138
12553,139
12553,140
12553,141
12553,142
12553,143
12553,144
12553,145
12553,146
12553,147
12553,148
12553,149
12553,150
12553,151
12553,152
12553,153
12553,154
12553,155
12553,156
12553,157
12553,158
12553,159
12553,160
12553,161
12553,162
12553,163
12553,164
12553,165
12553,166
12553,167
12553,168
12553,169
12553,170
12553,171
12553,172
12553,173
12553,174
12553,175
12553,176
12553,177
12553,178
12553,179
12553,180
12553,181
12553,182
12553,183
12553,184
12553,185
12553,186
12553,187
12553,188
12553,189
12553,190
12553,191
12553,192
12553,193
12553,194
12553,195
12553,196
12553,197
12553,198
12553,199
12553,200
12553,201
12553,202
12553,203
12553,204
12553,205
12553,206
12553,207
12553,208
12553,209
12553,210
12553,211
12553,212
12553,213
12553,214
12553,215
12553,216
12553,217
12553,218
12553,219
12553,220
12553,221
12553,222
12553,223
12553,224
12553,225
12553,226
12553,227
12553,228
12553,229
12553,230
12553,231
12553,232
12553,233
12553,234
12553,235
12553,236
12553,237
12553,238
12553,239
12553,240
12553,241
12553,242
12553,243
12553,244
12553,245
12553,246
12553,247
12553,248
12553,249
12553,250
12553,251
12553,252
12553,253
12553,254
12553,255
12553,256
12553,257
12553,258
12553,259
12553,260
12553,261
12553,262
12553,263
12553,264
12553,265
12553,266
12553,267
12553,268
12553,269
12553,270
12553,271
12553,272
12553,273
12553,274
12553,275
12553,276
12553,277
12553,278
12553,279
12553,280
12553,281
12553,282
12553,283
12553,284
12553,285
12553,286
12553,287
12553,288
12553,289
12553,290
12553,291
12553,292
12553,293
12553,294
12553,295
12553,296
12553,297
12553,298
12553,299
12553,300
12553,301
12553,302
12553,303
12553,304
12553,305
12553,306
12553,307
12553,308
12553,309
12553,310
12553,311
12553,312
12553,313
12553,314
12553,315
12553,316
12553,317
12553,318
12553,319
12553,320
12553,321
12553,322
12553,323
12553,324
12553,325
12553,326
12553,327
12553,328
12553,329
12553,330
12553,331
12553,332
12553,333
12553,334
12553,335
12553,336
12553,337
12553,338
12553,339
12553,340
12553,341
12553,342
12553,343
12553,344
12553,345
12553,346
12553,347
12553,348
12553,349
12553,350
12553,351
12553,352
12553,353
12553,354
12553,355
12553,356
12553,357
12553,358
12553,359
12553,360
12553,361
12553,362
12553,363
12553,364
12553,365
12553,366
12553,367
12553,368
12553,369
12553,370
12553,371
12553,372
12553,373
12553,374
12553,375
12553,376
12553,377
12553,378
12553,379
12553,380
12553,381
12553,382
12553,383
12553,384
12553,385
12553,386
12553,387
12553,388
12553,389
12553,390
12553,391
12553,392
12553,393
12553,394
12553,395
12553,396
12553,397
12553,398
12553,399
12553,400
12553,401
12553,402
12553,403
12553,404
12553,405
12553,406
12553,407
12553,408
12553,409
12553,410
12553,411
12553,412
12553,413
12553,414
12553,415
12553,416
12553,417
12553,418
12553,419
12553,420
12553,421
12553,422
12553,423
12553,424
12553,425
12553,426
12553,427
12553,428
12553,429
12553,430
12553,431
12553,432
12553,433
12553,434
12553,435
12553,436
12553,437
12553,438
12553,439
12553,440
12553,441
12553,442
12553,443
12553,444
12553,445
12553,446
12553,447
12553,448
12553,449
12553,450
12553,451
12553,452
12553,453
12553,454
12553,455
12553,456
12553,457
12553,458
12553,459
12553,460
12553,461
12553,462
12553,463
12553,464
12553,465
12553,466
12553,467
12553,468
12553,469
12553,470
12553,471
12553,472
12553,473
12553,474
12553,475
12553,476
12553,477
12553,478
12553,479
12553,480
12553,481
12553,482
12553,483
12553,484
12553,485
12553,486
12553,487
12553,488
12553,489
12553,490
12553,491
12553,492
12553,493
12553,494
12553,495
12553,496
12553,497
12553,498
12553,499
12553,500
12553,501
12553,502
12553,503
12553,504
12553,505
12553,506
12553,507
12553,508
12553,509
12553,510
12553,511
12553,512
12553,513
12553,514
12553,515
12553,516
12553,517
12553,518
12553,519
12553,520
12553,521
12553,522
12553,523
12553,524
12553,525
12553,526
12553,527
12553,528
12553,529
12553,530
12553,531
12553,532
12553,533
12553,534
12553,535
12553,536
12553,537
12553,538
12553,539
12553,540
12553,541
12553,542
12553,543
12553,544
12553,545
12553,546
12553,547
12553,548
12553,549
12553,550
12553,551
12553,552
12553,553
12553,554
12553,555
12553,556
12553,557
12553,558
12553,559
12553,560
12553,561
12553,562
12553,563
12553,564
12553,565
12553,566
12553,567
12553,568
12553,569
12553,570
12553,571
12553,572
12553,573
12553,574
12553,575
12553,576
12553,577
12553,578
12553,579
12553,580
12553,581
12553,582
12553,583
12553,584
12553,585
12553,586
12553,587
12553,588
12553,589
12553,590
12553,591
12553,592
12553,593
12553,594
12553,595
12553,596
12553,597
12553,598
12553,599
12553,600
12553,601
12553,602
12553,603
12553,604
12553,605
12553,606
12553,607
12553,608
12553,609
12553,610
12553,611
12553,612
12553,613
12553,614
12553,615
12553,616
12553,617
12553,618
12553,619
12553,620
12553,621
12553,622
12553,623
12553,624
12553,625
12553,626
12553,627
12553,628
12553,629
12553,630
12553,631
12553,632
12553,633
12553,634
12553,635
12553,636
12553,637
12553,638
12553,639
12553,640
12553,641
12553,642
12553,643
12553,644
12553,645
12553,646
12553,647
12553,648
12553,649
12553,650
12553,651
12553,652
12553,653
12553,654
12553,655
12553,656
12553,657
12553,658
12553,659
12553,660
12553,661
12553,662
12553,663
12553,664
12553,665
12553,666
12553,667
12553,668
12553,669
12553,670
12553,671
12553,672
12553,673
12553,674
12553,675
12553,676
12553,677
12553,678
12553,679
12553,680
12553,681
12553,682
12553,683
12553,684
12553,685
12553,686
12553,687
12553,688
12553,689
12553,690
12553,691
12553,692
12553,693
12553,694
12553,695
12553,696
12553,697
12553,698
12553,699
12553,700
12553,701
12553,702
12553,703
12553,704
12553,705
12553,706
12553,707
12553,708
12553,709
12553,710
12553,711
12553,712
12553,713
12553,714
12553,715
12553,716
12553,717
12553,718
12553,719
12553,720
12553,721
12553,722
12553,723
12553,724
12553,725
12553,726
12553,727
12553,728
12553,729
12553,730
12553,731
12553,732
12553,733
12553,734
12553,735
12553,736
12553,737
12553,738
12553,739
12553,740
12553,741
12553,742
12553,743
12553,744
12553,745
12553,746
12553,747
12553,748
12553,749
12553,750
12553,751
12553,752
12553,753
12553,754
12553,755
12553,756
12553,757
12553,758
12553,759
12553,760
12553,761
12553,762
12553,763
12553,764
12553,765
12553,766
12553,767
12553,768
12553,769
12553,770
12553,771
12553,772
12553,773
12553,774
12553,775
12553,776
12553,777
12553,778
12553,779
12553,780
12553,781
12553,782
12553,783
12553,784
12553,785
12553,786
12553,787
12553,788
12553,789
12553,790
12553,791
12553,792
12553,793
12553,794
12553,795
12553,796
12553,797
12553,798
12553,799
12553,800
12553,801
12553,802
12553,803
12553,804
12553,805
12553,806
12553,807
12553,808
12553,809
12553,810
12553,811
12553,812
12553,813
12553,814
12553,815
12553,816
12553,817
12553,818
12553,819
12553,820
12553,821
12553,822
12553,823
12553,824
12553,825
12553,826
12553,827
12553,828
12553,829
12553,830
12553,831
12553,832
12553,833
12553,834
12553,835
12553,836
12553,837
12553,838
12553,839
12553,840
12553,841
12553,842
12553,843
12553,844
12553,845
12553,846
12553,847
12553,848
12553,849
12553,850
12553,851
12553,852
12553,853
12553,854
12553,855
12553,856
12553,857
12553,858
12553,859
12553,860
12553,861
12553,862
12553,863
12553,864
12553,865
12553,866
12553,867
12553,868
12553,869
12553,870
12553,871
12553,872
12553,873
12553,874
12553,875
12553,876
12553,877
12553,878
12553,879
12553,880
12553,881
12553,882
12553,883
12553,884
12553,885
12553,886
12553,887
12553,888
12553,889
12553,890
12553,891
12553,892
12553,893
12553,894
12553,895
12553,896
12553,897
12553,898
12553,899
12553,900
12553,901
12553,902
12553,903
12553,904
12553,905
12553,906
12553,907
12553,908
12553,909
12553,910
12553,911
12553,912
12553,913
12553,914
12553,915
12553,916
12553,917
12553,918
12553,919
12553,920
12553,921
12553,922
12553,923
12553,924
12553,925
12553,926
12553,927
12553,928
12553,929
12553,930
12553,931
12553,932
12553,933
12553,934
12553,935
12553,936
12553,937
12553,938
12553,939
12553,940
12553,941
12553,942
12553,943
12553,944
12553,945
12553,946
12553,947
12553,948
12553,949
12553,950
12553,951
12553,952
12553,953
12553,954
12553,955
12553,956
12553,957
12553,958
12553,959
12553,960
12553,961
12553,962
12553,963
12553,964
12553,965
12553,966
12553,967
12553,968
12553,969
12553,970
12553,971
12553,972
12553,973
12553,974
12553,975
12553,976
12553,977
12553,978
12553,979
12553,980
12553,981
12553,982
12553,983
12553,984
12553,985
12553,986
12553,987
12553,988
12553,989
12553,990
12553,991
12553,992
12553,993
12553,994
12553,995
12553,996
12553,997
12553,998
12553,999
1213,0
1213,1
1213,2
1213,3
1213,4
1213,5
1213,6
1213,7
1213,8
1213,9
1213,10
1213,11
1213,12
1213,13
1213,14
1213,15
1213,16
1213,17
1213,18
1213,19
1213,20
1213,21
1213,22
1213,23
1213,24
1213,25
1213,26
1213,27
1213,28
1213,29
1213,30
1213,31
1213,32
1213,33
1213,34
1213,35
1213,36
1213,37
1213,38
1213,39
1213,40
1213,41
1213,42
1213,43
1213,44
1213,45
1213,46
1213,47
1213,48
1213,49
1213,50
1213,51
1213,52
1213,53
1213,54
1213,55
1213,56
1213,57
1213,58
1213,59
1213,60
1213,61
1213,62
1213,63
1213,64
1213,65
1213,66
1213,67
1213,68
1213,69
1213,70
1213,71
1213,72
1213,73
1213,74
1213,75
1213,76
1213,77
1213,78
1213,79
1213,80
1213,81
1213,82
1213,83
1213,84
1213,85
1213,86
1213,87
1213,88
1213,89
1213,90
1213,91
1213,92
1213,93
1213,94
1213,95
1213,96
1213,97
1213,98
1213,99
1213,100
1213,101
1213,102
1213,103
1213,104
1213,105
1213,106
1213,107
1213,108
1213,109
1213,110
1213,111
1213,112
1213,113
1213,114
1213,115
1213,116
1213,117
1213,118
1213,119
1213,120
1213,121
1213,122
1213,123
1213,124
1213,125
1213,126
1213,127
1213,128
1213,129
1213,130
1213,131
1213,132
1213,133
1213,134
1213,135
1213,136
1213,137
1213,138
1213,139
1213,140
1213,141
1213,142
1213,143
1213,144
1213,145
1213,146
1213,147
1213,148
1213,149
1213,150
1213,151
1213,152
1213,153
1213,154
1213,155
1213,156
1213,157
1213,158
1213,159
1213,160
1213,161
1213,162
1213,163
1213,164
1213,165
1213,166
1213,167
1213,168
1213,169
1213,170
1213,171
1213,172
1213,173
1213,174
1213,175
1213,176
1213,177
1213,178
1213,179
1213,180
1213,181
1213,182
1213,183
1213,184
1213,185
1213,186
1213,187
1213,188
1213,189
1213,190
1213,191
1213,192
1213,193
1213,194
1213,195
1213,196
1213,197
1213,198
1213,199
1213,200
1213,201
1213,202
1213,203
1213,204
1213,205
1213,206
1213,207
1213,208
1213,209
1213,210
1213,211
1213,212
1213,213
1213,214
1213,215
1213,216
1213,217
1213,218
1213,219
1213,220
1213,221
1213,222
1213,223
1213,224
1213,225
1213,226
1213,227
1213,228
1213,229
1213,230
1213,231
1213,232
1213,233
1213,234
1213,235
1213,236
1213,237
1213,238
1213,239
1213,240
1213,241
1213,242
1213,243
1213,244
1213,245
1213,246
1213,247
1213,248
1213,249
1213,250
1213,251
1213,252
1213,253
1213,254
1213,255
1213,256
1213,257
1213,258
1213,259
1213,260
1213,261
1213,262
1213,263
1213,264
1213,265
1213,266
1213,267
1213,268
1213,269
1213,270
1213,271
1213,272
1213,273
1213,274
1213,275
1213,276
1213,277
1213,278
1213,279
1213,280
1213,281
1213,282
1213,283
1213,284
1213,285
1213,286
1213,287
1213,288
1213,289
1213,290
1213,291
1213,292
1213,293
1213,294
1213,295
1213,296
1213,297
1213,298
1213,299
1213,300
1213,301
1213,302
1213,303
1213,304
1213,305
1213,306
1213,307
1213,308
1213,309
1213,310
1213,311
1213,312
1213,313
1213,314
1213,315
1213,316
1213,317
1213,318
1213,319
1213,320
1213,321
1213,322
1213,323
1213,324
1213,325
1213,326
1213,327
1213,328
1213,329
1213,330
1213,331
1213,332
1213,333
1213,334
1213,335
1213,336
1213,337
1213,338
1213,339
1213,340
1213,341
1213,342
1213,343
1213,344
1213,345
1213,346
1213,347
1213,348
1213,349
1213,350
1213,351
1213,352
1213,353
1213,354
1213,355
1213,356
1213,357
1213,358
1213,359
1213,360
1213,361
1213,362
1213,363
1213,364
1213,365
1213,366
1213,367
1213,368
1213,369
1213,370
1213,371
1213,372
1213,373
1213,374
1213,375
1213,376
1213,377
1213,378
1213,379
1213,380
1213,381
1213,382
1213,383
1213,384
1213,385
1213,386
1213,387
1213,388
1213,389
1213,390
1213,391
1213,392
1213,393
1213,394
1213,395
1213,396
1213,397
1213,398
1213,399
1213,400
1213,401
1213,402
1213,403
1213,404
1213,405
1213,406
1213,407
1213,408
1213,409
1213,410
1213,411
1213,412
1213,413
1213,414
1213,415
1213,416
1213,417
1213,418
1213,419
1213,420
1213,421
1213,422
1213,423
1213,424
1213,425
1213,426
1213,427
1213,428
1213,429
1213,430
1213,431
1213,432
1213,433
1213,434
1213,435
1213,436
1213,437
1213,438
1213,439
1213,440
1213,441
1213,442
1213,443
1213,444
1213,445
1213,446
1213,447
1213,448
1213,449
1213,450
1213,451
1213,452
1213,453
1213,454
1213,455
1213,456
1213,457
1213,458
1213,459
1213,460
1213,461
1213,462
1213,463
1213,464
1213,465
1213,466
1213,467
1213,468
1213,469
1213,470
1213,471
1213,472
1213,473
1213,474
1213,475
1213,476
1213,477
1213,478
1213,479
1213,480
1213,481
1213,482
1213,483
1213,484
1213,485
1213,486
1213,487
1213,488
1213,489
1213,490
1213,491
1213,492
1213,493
1213,494
1213,495
1213,496
1213,497
1213,498
1213,499
1213,500
1213,501
1213,502
1213,503
1213,504
1213,505
1213,506
1213,507
1213,508
1213,509
1213,510
1213,511
1213,512
1213,513
1213,514
1213,515
1213,516
1213,517
1213,518
1213,519
1213,520
1213,521
1213,522
1213,523
1213,524
1213,525
1213,526
1213,527
1213,528
1213,529
1213,530
1213,531
1213,532
1213,533
1213,534
1213,535
1213,536
1213,537
1213,538
1213,539
1213,540
1213,541
1213,542
1213,543
1213,544
1213,545
1213,546
1213,547
1213,548
1213,549
1213,550
1213,551
1213,552
1213,553
1213,554
1213,555
1213,556
1213,557
1213,558
1213,559
1213,560
1213,561
1213,562
1213,563
1213,564
1213,565
1213,566
1213,567
1213,568
1213,569
1213,570
1213,571
1213,572
1213,573
1213,574
1213,575
1213,576
1213,577
1213,578
1213,579
1213,580
1213,581
1213,582
1213,583
1213,584
1213,585
1213,586
1213,587
1213,588
1213,589
1213,590
1213,591
1213,592
1213,593
1213,594
1213,595
1213,596
1213,597
1213,598
1213,599
1213,600
1213,601
1213,602
1213,603
1213,604
1213,605
1213,606
1213,607
1213,608
1213,609
1213,610
1213,611
1213,612
1213,613
1213,614
1213,615
1213,616
1213,617
1213,618
1213,619
1213,620
1213,621
1213,622
1213,623
1213,624
1213,625
1213,626
1213,627
1213,628
1213,629
1213,630
1213,631
1213,632
1213,633
1213,634
1213,635
1213,636
1213,637
1213,638
1213,639
1213,640
1213,641
1213,642
1213,643
1213,644
1213,645
1213,646
1213,647
1213,648
1213,649
1213,650
1213,651
1213,652
1213,653
1213,654
1213,655
1213,656
1213,657
1213,658
1213,659
1213,660
1213,661
1213,662
1213,663
1213,664
1213,665
1213,666
1213,667
1213,668
1213,669
1213,670
1213,671
1213,672
1213,673
1213,674
1213,675
1213,676
1213,677
1213,678
1213,679
1213,680
1213,681
1213,682
1213,683
1213,684
1213,685
1213,686
1213,687
1213,688
1213,689
1213,690
1213,691
1213,692
1213,693
1213,694
1213,695
1213,696
1213,697
1213,698
1213,699
1213,700
1213,701
1213,702
1213,703
1213,704
1213,705
1213,706
1213,707
1213,708
1213,709
1213,710
1213,711
1213,712
1213,713
1213,714
1213,715
1213,716
1213,717
1213,718
1213,719
1213,720
1213,721
1213,722
1213,723
1213,724
1213,725
1213,726
1213,727
1213,728
1213,729
1213,730
1213,731
1213,732
1213,733
1213,734
1213,735
1213,736
1213,737
1213,738
1213,739
1213,740
1213,741
1213,742
1213,743
1213,744
1213,745
1213,746
1213,747
1213,748
1213,749
1213,750
1213,751
1213,752
1213,753
1213,754
1213,755
1213,756
1213,757
1213,758
1213,759
1213,760
1213,761
1213,762
1213,763
1213,764
1213,765
1213,766
1213,767
1213,768
1213,769
1213,770
1213,771
1213,772
1213,773
1213,774
1213,775
1213,776
1213,777
1213,778
1213,779
1213,780
1213,781
1213,782
1213,783
1213,784
1213,785
1213,786
1213,787
1213,788
1213,789
1213,790
1213,791
1213,792
1213,793
1213,794
1213,795
1213,796
1213,797
1213,798
1213,799
1213,800
1213,801
1213,802
1213,803
1213,804
1213,805
1213,806
1213,807
1213,808
1213,809
1213,810
1213,811
1213,812
1213,813
1213,814
1213,815
1213,816
1213,817
1213,818
1213,819
1213,820
1213,821
1213,822
1213,823
1213,824
1213,825
1213,826
1213,827
1213,828
1213,829
1213,830
1213,831
1213,832
1213,833
1213,834
1213,835
1213,836
1213,837
1213,838
1213,839
1213,840
1213,841
1213,842
1213,843
1213,844
1213,845
1213,846
1213,847
1213,848
1213,849
1213,850
1213,851
1213,852
1213,853
1213,854
1213,855
1213,856
1213,857
1213,858
1213,859
1213,860
1213,861
1213,862
1213,863
1213,864
1213,865
1213,866
1213,867
1213,868
1213,869
1213,870
1213,871
1213,872
1213,873
1213,874
1213,875
1213,876
1213,877
1213,878
1213,879
1213,880
1213,881
1213,882
1213,883
1213,884
1213,885
1213,886
1213,887
1213,888
1213,889
1213,890
1213,891
1213,892
1213,893
1213,894
1213,895
1213,896
1213,897
1213,898
1213,899
1213,900
1213,901
1213,902
1213,903
1213,904
1213,905
1213,906
1213,907
1213,908
1213,909
1213,910
1213,911
1213,912
1213,913
1213,914
1213,915
1213,916
1213,917
1213,918
1213,919
1213,920
1213,921
1213,922
1213,923
1213,924
1213,925
1213,926
1213,927
1213,928
1213,929
1213,930
1213,931
1213,932
1213,933
1213,934
1213,935
1213,936
1213,937
1213,938
1213,939
1213,940
1213,941
1213,942
1213,943
1213,944
1213,945
1213,946
1213,947
1213,948
1213,949
1213,950
1213,951
1213,952
1213,953
1213,954
1213,955
1213,956
1213,957
1213,958
1213,959
1213,960
1213,961
1213,962
1213,963
1213,964
1213,965
1213,966
1213,967
1213,968
1213,969
1213,970
1213,971
1213,972
1213,973
1213,974
1213,975
1213,976
1213,977
1213,978
1213,979
1213,980
1213,981
1213,982
1213,983
1213,984
1213,985
1213,986
1213,987
1213,988
1213,989
1213,990
1213,991
1213,992
1213,993
1213,994
1213,995
1213,996
1213,997
1213,998
1213,999
3108,0
3108,1
3108,2
3108,3
3108,4
3108,5
3108,6
3108,7
3108,8
3108,9
3108,10
3108,11
3108,12
3108,13
3108,14
3108,15
3108,16
3108,17
3108,18
3108,19
3108,20
3108,21
3108,22
3108,23
3108,24
3108,25
3108,26
3108,27
3108,28
3108,29
3108,30
3108,31
3108,32
3108,33
3108,34
3108,35
3108,36
3108,37
3108,38
3108,39
3108,40
3108,41
3108,42
3108,43
3108,44
3108,45
3108,46
3108,47
3108,48
3108,49
3108,50
3108,51
3108,52
3108,53
3108,54
3108,55
3108,56
3108,57
3108,58
3108,59
3108,60
3108,61
3108,62
3108,63
3108,64
3108,65
3108,66
3108,67
3108,68
3108,69
3108,70
3108,71
3108,72
3108,73
3108,74
3108,75
3108,76
3108,77
3108,78
3108,79
3108,80
3108,81
3108,82
3108,83
3108,84
3108,85
3108,86
3108,87
3108,88
3108,89
3108,90
3108,91
3108,92
3108,93
3108,94
3108,95
3108,96
3108,97
3108,98
3108,99
3108,100
3108,101
3108,102
3108,103
3108,104
3108,105
3108,106
3108,107
3108,108
3108,109
3108,110
3108,111
3108,112
3108,113
3108,114
3108,115
3108,116
3108,117
3108,118
3108,119
3108,120
3108,121
3108,122
3108,123
3108,124
3108,125
3108,126
3108,127
3108,128
3108,129
3108,130
3108,131
3108,132
3108,133
3108,134
3108,135
3108,136
3108,137
3108,138
3108,139
3108,140
3108,141
3108,142
3108,143
3108,144
3108,145
3108,146
3108,147
3108,148
3108,149
3108,150
3108,151
3108,152
3108,153
3108,154
3108,155
3108,156
3108,157
3108,158
3108,159
3108,160
3108,161
3108,162
3108,163
3108,164
3108,165
3108,166
3108,167
3108,168
3108,169
3108,170
3108,171
3108,172
3108,173
3108,174
3108,175
3108,176
3108,177
3108,178
3108,179
3108,180
3108,181
3108,182
3108,183
3108,184
3108,185
3108,186
3108,187
3108,188
3108,189
3108,190
3108,191
3108,192
3108,193
3108,194
3108,195
3108,196
3108,197
3108,198
3108,199
3108,200
3108,201
3108,202
3108,203
3108,204
3108,205
3108,206
3108,207
3108,208
3108,209
3108,210
3108,211
3108,212
3108,213
3108,214
3108,215
3108,216
3108,217
3108,218
3108,219
3108,220
3108,221
3108,222
3108,223
3108,224
3108,225
3108,226
3108,227
3108,228
3108,229
3108,230
3108,231
3108,232
3108,233
3108,234
3108,235
3108,236
3108,237
3108,238
3108,239
3108,240
3108,241
3108,242
3108,243
3108,244
3108,245
3108,246
3108,247
3108,248
3108,249
3108,250
3108,251
3108,252
3108,253
3108,254
3108,255
3108,256
3108,257
3108,258
3108,259
3108,260
3108,261
3108,262
3108,263
3108,264
3108,265
3108,266
3108,267
3108,268
3108,269
3108,270
3108,271
3108,272
3108,273
3108,274
3108,275
3108,276
3108,277
3108,278
3108,279
3108,280
3108,281
3108,282
3108,283
3108,284
3108,285
3108,286
3108,287
3108,288
3108,289
3108,290
3108,291
3108,292
3108,293
3108,294
3108,295
3108,296
3108,297
3108,298
3108,299
3108,300
3108,301
3108,302
3108,303
3108,304
3108,305
3108,306
3108,307
3108,308
3108,309
3108,310
3108,311
3108,312
3108,313
3108,314
3108,315
3108,316
3108,317
3108,318
3108,319
3108,320
3108,321
3108,322
3108,323
3108,324
3108,325
3108,326
3108,327
3108,328
3108,329
3108,330
3108,331
3108,332
3108,333
3108,334
3108,335
3108,336
3108,337
3108,338
3108,339
3108,340
3108,341
3108,342
3108,343
3108,344
3108,345
3108,346
3108,347
3108,348
3108,349
3108,350
3108,351
3108,352
3108,353
3108,354
3108,355
3108,356
3108,357
3108,358
3108,359
3108,360
3108,361
3108,362
3108,363
3108,364
3108,365
3108,366
3108,367
3108,368
3108,369
3108,370
3108,371
3108,372
3108,373
3108,374
3108,375
3108,376
3108,377
3108,378
3108,379
3108,380
3108,381
3108,382
3108,383
3108,384
3108,385
3108,386
3108,387
3108,388
3108,389
3108,390
3108,391
3108,392
3108,393
3108,394
3108,395
3108,396
3108,397
3108,398
3108,399
3108,400
3108,401
3108,402
3108,403
3108,404
3108,405
3108,406
3108,407
3108,408
3108,409
3108,410
3108,411
3108,412
3108,413
3108,414
3108,415
3108,416
3108,417
3108,418
3108,419
3108,420
3108,421
3108,422
3108,423
3108,424
3108,425
3108,426
3108,427
3108,428
3108,429
3108,430
3108,431
3108,432
3108,433
3108,434
3108,435
3108,436
3108,437
3108,438
3108,439
3108,440
3108,441
3108,442
3108,443
3108,444
3108,445
3108,446
3108,447
3108,448
3108,449
3108,450
3108,451
3108,452
3108,453
3108,454
3108,455
3108,456
3108,457
3108,458
3108,459
3108,460
3108,461
3108,462
3108,463
3108,464
3108,465
3108,466
3108,467
3108,468
3108,469
3108,470
3108,471
3108,472
3108,473
3108,474
3108,475
3108,476
3108,477
3108,478
3108,479
3108,480
3108,481
3108,482
3108,483
3108,484
3108,485
3108,486
3108,487
3108,488
3108,489
3108,490
3108,491
3108,492
3108,493
3108,494
3108,495
3108,496
3108,497
3108,498
3108,499
3108,500
3108,501
3108,502
3108,503
3108,504
3108,505
3108,506
3108,507
3108,508
3108,509
3108,510
3108,511
3108,512
3108,513
3108,514
3108,515
3108,516
3108,517
3108,518
3108,519
3108,520
3108,521
3108,522
3108,523
3108,524
3108,525
3108,526
3108,527
3108,528
3108,529
3108,530
3108,531
3108,532
3108,533
3108,534
3108,535
3108,536
3108,537
3108,538
3108,539
3108,540
3108,541
3108,542
3108,543
3108,544
3108,545
3108,546
3108,547
3108,548
3108,549
3108,550
3108,551
3108,552
3108,553
3108,554
3108,555
3108,556
3108,557
3108,558
3108,559
3108,560
3108,561
3108,562
3108,563
3108,564
3108,565
3108,566
3108,567
3108,568
3108,569
3108,570
3108,571
3108,572
3108,573
3108,574
3108,575
3108,576
3108,577
3108,578
3108,579
3108,580
3108,581
3108,582
3108,583
3108,584
3108,585
3108,586
3108,587
3108,588
3108,589
3108,590
3108,591
3108,592
3108,593
3108,594
3108,595
3108,596
3108,597
3108,598
3108,599
3108,600
3108,601
3108,602
3108,603
3108,604
3108,605
3108,606
3108,607
3108,608
3108,609
3108,610
3108,611
3108,612
3108,613
3108,614
3108,615
3108,616
3108,617
3108,618
3108,619
3108,620
3108,621
3108,622
3108,623
3108,624
3108,625
3108,626
3108,627
3108,628
3108,629
3108,630
3108,631
3108,632
3108,633
3108,634
3108,635
3108,636
3108,637
3108,638
3108,639
3108,640
3108,641
3108,642
3108,643
3108,644
3108,645
3108,646
3108,647
3108,648
3108,649
3108,650
3108,651
3108,652
3108,653
3108,654
3108,655
3108,656
3108,657
3108,658
3108,659
3108,660
3108,661
3108,662
3108,663
3108,664
3108,665
3108,666
3108,667
3108,668
3108,669
3108,670
3108,671
3108,672
3108,673
3108,674
3108,675
3108,676
3108,677
3108,678
3108,679
3108,680
3108,681
3108,682
3108,683
3108,684
3108,685
3108,686
3108,687
3108,688
3108,689
3108,690
3108,691
3108,692
3108,693
3108,694
3108,695
3108,696
3108,697
3108,698
3108,699
3108,700
3108,701
3108,702
3108,703
3108,704
3108,705
3108,706
3108,707
3108,708
3108,709
3108,710
3108,711
3108,712
3108,713
3108,714
3108,715
3108,716
3108,717
3108,718
3108,719
3108,720
3108,721
3108,722
3108,723
3108,724
3108,725
3108,726
3108,727
3108,728
3108,729
3108,730
3108,731
3108,732
3108,733
3108,734
3108,735
3108,736
3108,737
3108,738
3108,739
3108,740
3108,741
3108,742
3108,743
3108,744
3108,745
3108,746
3108,747
3108,748
3108,749
3108,750
3108,751
3108,752
3108,753
3108,754
3108,755
3108,756
3108,757
3108,758
3108,759
3108,760
3108,761
3108,762
3108,763
3108,764
3108,765
3108,766
3108,767
3108,768
3108,769
3108,770
3108,771
3108,772
3108,773
3108,774
3108,775
3108,776
3108,777
3108,778
3108,779
3108,780
3108,781
3108,782
3108,783
3108,784
3108,785
3108,786
3108,787
3108,788
3108,789
3108,790
3108,791
3108,792
3108,793
3108,794
3108,795
3108,796
3108,797
3108,798
3108,799
3108,800
3108,801
3108,802
3108,803
3108,804
3108,805
3108,806
3108,807
3108,808
3108,809
3108,810
3108,811
3108,812
3108,813
3108,814
3108,815
3108,816
3108,817
3108,818
3108,819
3108,820
3108,821
3108,822
3108,823
3108,824
3108,825
3108,826
3108,827
3108,828
3108,829
3108,830
3108,831
3108,832
3108,833
3108,834
3108,835
3108,836
3108,837
3108,838
3108,839
3108,840
3108,841
3108,842
3108,843
3108,844
3108,845
3108,846
3108,847
3108,848
3108,849
3108,850
3108,851
3108,852
3108,853
3108,854
3108,855
3108,856
3108,857
3108,858
3108,859
3108,860
3108,861
3108,862
3108,863
3108,864
3108,865
3108,866
3108,867
3108,868
3108,869
3108,870
3108,871
3108,872
3108,873
3108,874
3108,875
3108,876
3108,877
3108,878
3108,879
3108,880
3108,881
3108,882
3108,883
3108,884
3108,885
3108,886
3108,887
3108,888
3108,889
3108,890
3108,891
3108,892
3108,893
3108,894
3108,895
3108,896
3108,897
3108,898
3108,899
3108,900
3108,901
3108,902
3108,903
3108,904
3108,905
3108,906
3108,907
3108,908
3108,909
3108,910
3108,911
3108,912
3108,913
3108,914
3108,915
3108,916
3108,917
3108,918
3108,919
3108,920
3108,921
3108,922
3108,923
3108,924
3108,925
3108,926
3108,927
3108,928
3108,929
3108,930
3108,931
3108,932
3108,933
3108,934
3108,935
3108,936
3108,937
3108,938
3108,939
3108,940
3108,941
3108,942
3108,943
3108,944
3108,945
3108,946
3108,947
3108,948
3108,949
3108,950
3108,951
3108,952
3108,953
3108,954
3108,955
3108,956
3108,957
3108,958
3108,959
3108,960
3108,961
3108,962
3108,963
3108,964
3108,965
3108,966
3108,967
3108,968
3108,969
3108,970
3108,971
3108,972
3108,973
3108,974
3108,975
3108,976
3108,977
3108,978
3108,979
3108,980
3108,981
3108,982
3108,983
3108,984
3108,985
3108,986
3108,987
3108,988
3108,989
3108,990
3108,991
3108,992
3108,993
3108,994
3108,995
3108,996
3108,997
3108,998
3108,999
311,0
311,1
311,2
311,3
311,4
311,5
311,6
311,7
311,8
311,9
311,10
311,11
311,12
311,13
311,14
311,15
311,16
311,17
311,18
311,19
311,20
311,21
311,22
311,23
311,24
311,25
311,26
311,27
311,28
311,29
311,30
311,31
311,32
311,33
311,34
311,35
311,36
311,37
311,38
311,39
311,40
311,41
311,42
311,43
311,44
311,45
311,46
311,47
311,48
311,49
311,50
311,51
311,52
311,53
311,54
311,55
311,56
311,57
311,58
311,59
311,60
311,61
311,62
311,63
311,64
311,65
311,66
311,67
311,68
311,69
311,70
311,71
311,72
311,73
311,74
311,75
311,76
311,77
311,78
311,79
311,80
311,81
311,82
311,83
311,84
311,85
311,86
311,87
311,88
311,89
311,90
311,91
311,92
311,93
311,94
311,95
311,96
311,97
311,98
311,99
311,100
311,101
311,102
311,103
311,104
311,105
311,106
311,107
311,108
311,109
311,110
311,111
311,112
311,113
311,114
311,115
311,116
311,117
311,118
311,119
311,120
311,121
311,122
311,123
311,124
311,125
311,126
311,127
311,128
311,129
311,130
311,131
311,132
311,133
311,134
311,135
311,136
311,137
311,138
311,139
311,140
311,141
311,142
311,143
311,144
311,145
311,146
311,147
311,148
311,149
311,150
311,151
311,152
311,153
311,154
311,155
311,156
311,157
311,158
311,159
311,160
311,161
311,162
311,163
311,164
311,165
311,166
311,167
311,168
311,169
311,170
311,171
311,172
311,173
311,174
311,175
311,176
311,177
311,178
311,179
311,180
311,181
311,182
311,183
311,184
311,185
311,186
311,187
311,188
311,189
311,190
311,191
311,192
311,193
311,194
311,195
311,196
311,197
311,198
311,199
311,200
311,201
311,202
311,203
311,204
311,205
311,206
311,207
311,208
311,209
311,210
311,211
311,212
311,213
311,214
311,215
311,216
311,217
311,218
311,219
311,220
311,221
311,222
311,223
311,224
311,225
311,226
311,227
311,228
311,229
311,230
311,231
311,232
311,233
311,234
311,235
311,236
311,237
311,238
311,239
311,240
311,241
311,242
311,243
311,244
311,245
311,246
311,247
311,248
311,249
311,250
311,251
311,252
311,253
311,254
311,255
311,256
311,257
311,258
311,259
311,260
311,261
311,262
311,263
311,264
311,265
311,266
311,267
311,268
311,269
311,270
311,271
311,272
311,273
311,274
311,275
311,276
311,277
311,278
311,279
311,280
311,281
311,282
311,283
311,284
311,285
311,286
311,287
311,288
311,289
311,290
311,291
311,292
311,293
311,294
311,295
311,296
311,297
311,298
311,299
311,300
311,301
311,302
311,303
311,304
311,305
311,306
311,307
311,308
311,309
311,310
311,311
311,312
311,313
311,314
311,315
311,316
311,317
311,318
311,319
311,320
311,321
311,322
311,323
311,324
311,325
311,326
311,327
311,328
311,329
311,330
311,331
311,332
311,333
311,334
311,335
311,336
311,337
311,338
311,339
311,340
311,341
311,342
311,343
311,344
311,345
311,346
311,347
311,348
311,349
311,350
311,351
311,352
311,353
311,354
311,355
311,356
311,357
311,358
311,359
311,360
311,361
311,362
311,363
311,364
311,365
311,366
311,367
311,368
311,369
311,370
311,371
311,372
311,373
311,374
311,375
311,376
311,377
311,378
311,379
311,380
311,381
311,382
311,383
311,384
311,385
311,386
311,387
311,388
311,389
311,390
311,391
311,392
311,393
311,394
311,395
311,396
311,397
311,398
311,399
311,400
311,401
311,402
311,403
311,404
311,405
311,406
311,407
311,408
311,409
311,410
311,411
311,412
311,413
311,414
311,415
311,416
311,417
311,418
311,419
311,420
311,421
311,422
311,423
311,424
311,425
311,426
311,427
311,428
311,429
311,430
311,431
311,432
311,433
311,434
311,435
311,436
311,437
311,438
311,439
311,440
311,441
311,442
311,443
311,444
311,445
311,446
311,447
311,448
311,449
311,450
311,451
311,452
311,453
311,454
311,455
311,456
311,457
311,458
311,459
311,460
311,461
311,462
311,463
311,464
311,465
311,466
311,467
311,468
311,469
311,470
311,471
311,472
311,473
311,474
311,475
311,476
311,477
311,478
311,479
311,480
311,481
311,482
311,483
311,484
311,485
311,486
311,487
311,488
311,489
311,490
311,491
311,492
311,493
311,494
311,495
311,496
311,497
311,498
311,499
311,500
311,501
311,502
311,503
311,504
311,505
311,506
311,507
311,508
311,509
311,510
311,511
311,512
311,513
311,514
311,515
311,516
311,517
311,518
311,519
311,520
311,521
311,522
311,523
311,524
311,525
311,526
311,527
311,528
311,529
311,530
311,531
311,532
311,533
311,534
311,535
311,536
311,537
311,538
311,539
311,540
311,541
311,542
311,543
311,544
311,545
311,546
311,547
311,548
311,549
311,550
311,551
311,552
311,553
311,554
311,555
311,556
311,557
311,558
311,559
311,560
311,561
311,562
311,563
311,564
311,565
311,566
311,567
311,568
311,569
311,570
311,571
311,572
311,573
311,574
311,575
311,576
311,577
311,578
311,579
311,580
311,581
311,582
311,583
311,584
311,585
311,586
311,587
311,588
311,589
311,590
311,591
311,592
311,593
311,594
311,595
311,596
311,597
311,598
311,599
311,600
311,601
311,602
311,603
311,604
311,605
311,606
311,607
311,608
311,609
311,610
311,611
311,612
311,613
311,614
311,615
311,616
311,617
311,618
311,619
311,620
311,621
311,622
311,623
311,624
311,625
311,626
311,627
311,628
311,629
311,630
311,631
311,632
311,633
311,634
311,635
311,636
311,637
311,638
311,639
311,640
311,641
311,642
311,643
311,644
311,645
311,646
311,647
311,648
311,649
311,650
311,651
311,652
311,653
311,654
311,655
311,656
311,657
311,658
311,659
311,660
311,661
311,662
311,663
311,664
311,665
311,666
311,667
311,668
311,669
311,670
311,671
311,672
311,673
311,674
311,675
311,676
311,677
311,678
311,679
311,680
311,681
311,682
311,683
311,684
311,685
311,686
311,687
311,688
311,689
311,690
311,691
311,692
311,693
311,694
311,695
311,696
311,697
311,698
311,699
311,700
311,701
311,702
311,703
311,704
311,705
311,706
311,707
311,708
311,709
311,710
311,711
311,712
311,713
311,714
311,715
311,716
311,717
311,718
311,719
311,720
311,721
311,722
311,723
311,724
311,725
311,726
311,727
311,728
311,729
311,730
311,731
311,732
311,733
311,734
311,735
311,736
311,737
311,738
311,739
311,740
311,741
311,742
311,743
311,744
311,745
311,746
311,747
311,748
311,749
311,750
311,751
311,752
311,753
311,754
311,755
311,756
311,757
311,758
311,759
311,760
311,761
311,762
311,763
311,764
311,765
311,766
311,767
311,768
311,769
311,770
311,771
311,772
311,773
311,774
311,775
311,776
311,777
311,778
311,779
311,780
311,781
311,782
311,783
311,784
311,785
311,786
311,787
311,788
311,789
311,790
311,791
311,792
311,793
311,794
311,795
311,796
311,797
311,798
311,799
311,800
311,801
311,802
311,803
311,804
311,805
311,806
311,807
311,808
311,809
311,810
311,811
311,812
311,813
311,814
311,815
311,816
311,817
311,818
311,819
311,820
311,821
311,822
311,823
311,824
311,825
311,826
311,827
311,828
311,829
311,830
311,831
311,832
311,833
311,834
311,835
311,836
311,837
311,838
311,839
311,840
311,841
311,842
311,843
311,844
311,845
311,846
311,847
311,848
311,849
311,850
311,851
311,852
311,853
311,854
311,855
311,856
311,857
311,858
311,859
311,860
311,861
311,862
311,863
311,864
311,865
311,866
311,867
311,868
311,869
311,870
311,871
311,872
311,873
311,874
311,875
311,876
311,877
311,878
311,879
311,880
311,881
311,882
311,883
311,884
311,885
311,886
311,887
311,888
311,889
311,890
311,891
311,892
311,893
311,894
311,895
311,896
311,897
311,898
311,899
311,900
311,901
311,902
311,903
311,904
311,905
311,906
311,907
311,908
311,909
311,910
311,911
311,912
311,913
311,914
311,915
311,916
311,917
311,918
311,919
311,920
311,921
311,922
311,923
311,924
311,925
311,926
311,927
311,928
311,929
311,930
311,931
311,932
311,933
311,934
311,935
311,936
311,937
311,938
311,939
311,940
311,941
311,942
311,943
311,944
311,945
311,946
311,947
311,948
311,949
311,950
311,951
311,952
311,953
311,954
311,955
311,956
311,957
311,958
311,959
311,960
311,961
311,962
311,963
311,964
311,965
311,966
311,967
311,968
311,969
311,970
311,971
311,972
311,973
311,974
311,975
311,976
311,977
311,978
311,979
311,980
311,981
311,982
311,983
311,984
311,985
311,986
311,987
311,988
311,989
311,990
311,991
311,992
311,993
311,994
311,995
311,996
311,997
311,998
311,999
